<?xml version="1.0" encoding="UTF-8"?>
<testsuite xmlns:xsi="http://www.w3.org/2001/XMLSchema-instance" xsi:noNamespaceSchemaLocation="https://maven.apache.org/surefire/maven-surefire-plugin/xsd/surefire-test-report.xsd" name="my_walking_skeleton.APITest" time="1.203" tests="6" errors="0" skipped="0" failures="0">
  <properties>
[...]
</properties>
  <testcase name="says_hello_to_anyone{String}[1]" classname="my_walking_skeleton.APITest" time="1.111"/>
  <testcase name="says_hello_to_anyone{String}[2]" classname="my_walking_skeleton.APITest" time="0.015"/>
  <testcase name="says_hello_to_anyone{String}[3]" classname="my_walking_skeleton.APITest" time="0.014"/>
  <testcase name="says_hello_to_anyone{String}[4]" classname="my_walking_skeleton.APITest" time="0.014"/>
  <testcase name="gets_ewan_route" classname="my_walking_skeleton.APITest" time="0.011"/>
  <testcase name="gets_home_route" classname="my_walking_skeleton.APITest" time="0.012"/>
</testsuite>